<?xml version="1.0" encoding="utf-8"?><testsuites name="pytest tests"><testsuite name="pytest" errors="0" failures="0" skipped="0" tests="23" time="233.287" timestamp="2026-06-16T14:21:06.350885+00:00" hostname="agent-env-90f3051f-93e7-4c43-906e-626ccb223c19"><testcase classname="test_brasil38.TestStatic" name="test_root" time="0.128" /><testcase classname="test_brasil38.TestStatic" name="test_formations" time="0.104" /><testcase classname="test_brasil38.TestStatic" name="test_squads" time="0.152" /><testcase classname="test_brasil38.TestRoomLifecycle" name="test_create_room" time="0.197" /><testcase classname="test_brasil38.TestRoomLifecycle" name="test_join_room_success" time="0.416" /><testcase classname="test_brasil38.TestRoomLifecycle" name="test_join_password_required" time="0.299" /><testcase classname="test_brasil38.TestRoomLifecycle" name="test_join_rejected_after_draft" time="0.403" /><testcase classname="test_brasil38.TestRoomLifecycle" name="test_update_team_name_and_formation" time="0.299" /><testcase classname="test_brasil38.TestRoomLifecycle" name="test_host_update_show_ovr_host_only" time="0.483" /><testcase classname="test_brasil38.TestRoomLifecycle" name="test_start_draft_needs_two_players" time="0.199" /><testcase classname="test_brasil38.TestRoomLifecycle" name="test_start_draft_host_only" time="0.307" /><testcase classname="test_brasil38.TestDraft" name="test_start_draft_transitions" time="0.428" /><testcase classname="test_brasil38.TestDraft" name="test_draft_pick_wrong_turn_rejected" time="0.549" /><testcase classname="test_brasil38.TestDraft" name="test_draft_pick_invalid_slot_rejected" time="0.494" /><testcase classname="test_brasil38.TestDraft" name="test_complete_full_draft_and_ready_to_sim" time="4.929" /><testcase classname="test_brasil38.TestDraft" name="test_pick_already_drafted_rejected" time="0.633" /><testcase classname="test_brasil38.TestSimulation" name="test_set_speed_host_only" time="0.317" /><testcase classname="test_brasil38.TestSimulation" name="test_set_speed_invalid" time="0.190" /><testcase classname="test_brasil38.TestSimulation" name="test_start_sim_wrong_state" time="0.200" /><testcase classname="test_brasil38.TestSimulation" name="test_finished_sim_standings" time="221.796" /><testcase classname="test_brasil38.TestSimulation" name="test_finished_sim_each_team_11_players" time="0.000" /><testcase classname="test_brasil38.TestWebSocket" name="test_ws_state_and_ping" time="0.311" /><testcase classname="test_brasil38.TestWebSocket" name="test_ws_state_on_join_broadcast" time="0.381" /></testsuite></testsuites>